<?xml version="1.0" encoding="UTF-8"?>
<testng-results skipped="0" failed="0" ignored="0" total="1" passed="1">
  <reporter-output>
  </reporter-output>
  <suite name="Default suite" duration-ms="30582" started-at="2021-01-25T11:49:00 IST" finished-at="2021-01-25T11:49:31 IST">
    <groups>
    </groups>
    <test name="Default test" duration-ms="30582" started-at="2021-01-25T11:49:00 IST" finished-at="2021-01-25T11:49:31 IST">
      <class name="com.shopping.ShoppingAppFrameWork.AlertWindow">
        <test-method status="PASS" signature="newPage()[pri:2, instance:com.shopping.ShoppingAppFrameWork.AlertWindow@59e5ddf]" name="newPage" duration-ms="30503" started-at="2021-01-25T11:49:00 IST" finished-at="2021-01-25T11:49:31 IST">
          <reporter-output>
          </reporter-output>
        </test-method> <!-- newPage -->
      </class> <!-- com.shopping.ShoppingAppFrameWork.AlertWindow -->
    </test> <!-- Default test -->
  </suite> <!-- Default suite -->
</testng-results>
