<?xml version="1.0" encoding="UTF-8"?>
<testng-results skipped="0" failed="0" ignored="0" total="1" passed="1">
  <reporter-output>
  </reporter-output>
  <suite name="Suite" duration-ms="37426" started-at="2021-01-22T13:24:55 IST" finished-at="2021-01-22T13:25:32 IST">
    <groups>
    </groups>
    <test name="Test" duration-ms="37426" started-at="2021-01-22T13:24:55 IST" finished-at="2021-01-22T13:25:32 IST">
      <class name="com.shopping.ShoppingAppFrameWork.DriverTest">
        <test-method status="PASS" signature="beforeTestMethod(java.lang.String)[pri:0, instance:com.shopping.ShoppingAppFrameWork.DriverTest@57e1b0c]" name="beforeTestMethod" is-config="true" duration-ms="1291" started-at="2021-01-22T13:24:55 IST" finished-at="2021-01-22T13:24:56 IST">
          <params>
            <param index="0">
              <value>
                <![CDATA[SS]]>
              </value>
            </param>
          </params>
          <reporter-output>
          </reporter-output>
        </test-method> <!-- beforeTestMethod -->
        <test-method status="PASS" signature="beforeMethodMethod(java.lang.String, java.lang.reflect.Method)[pri:0, instance:com.shopping.ShoppingAppFrameWork.DriverTest@57e1b0c]" name="beforeMethodMethod" is-config="true" duration-ms="23892" started-at="2021-01-22T13:24:56 IST" finished-at="2021-01-22T13:25:20 IST">
          <params>
            <param index="0">
              <value>
                <![CDATA[chrome]]>
              </value>
            </param>
            <param index="1">
              <value>
                <![CDATA[public void com.shopping.ShoppingAppFrameWork.DriverTest.testMethod() throws java.lang.Exception]]>
              </value>
            </param>
          </params>
          <reporter-output>
          </reporter-output>
        </test-method> <!-- beforeMethodMethod -->
        <test-method status="PASS" signature="testMethod()[pri:0, instance:com.shopping.ShoppingAppFrameWork.DriverTest@57e1b0c]" name="testMethod" duration-ms="9401" started-at="2021-01-22T13:25:20 IST" finished-at="2021-01-22T13:25:30 IST">
          <reporter-output>
          </reporter-output>
        </test-method> <!-- testMethod -->
        <test-method status="PASS" signature="afterMethodMethod(org.testng.ITestResult)[pri:0, instance:com.shopping.ShoppingAppFrameWork.DriverTest@57e1b0c]" name="afterMethodMethod" is-config="true" duration-ms="1330" started-at="2021-01-22T13:25:30 IST" finished-at="2021-01-22T13:25:31 IST">
          <params>
            <param index="0">
              <value>
                <![CDATA[[TestResult name=testMethod status=SUCCESS method=DriverTest.testMethod()[pri:0, instance:com.shopping.ShoppingAppFrameWork.DriverTest@57e1b0c] output={null}]]]>
              </value>
            </param>
          </params>
          <reporter-output>
          </reporter-output>
        </test-method> <!-- afterMethodMethod -->
        <test-method status="PASS" signature="afterTestMethod()[pri:0, instance:com.shopping.ShoppingAppFrameWork.DriverTest@57e1b0c]" name="afterTestMethod" is-config="true" duration-ms="1392" started-at="2021-01-22T13:25:31 IST" finished-at="2021-01-22T13:25:32 IST">
          <reporter-output>
          </reporter-output>
        </test-method> <!-- afterTestMethod -->
        <test-method status="PASS" signature="sendReport()[pri:0, instance:com.shopping.ShoppingAppFrameWork.DriverTest@57e1b0c]" name="sendReport" is-config="true" duration-ms="6017" started-at="2021-01-22T13:25:33 IST" finished-at="2021-01-22T13:25:39 IST">
          <reporter-output>
          </reporter-output>
        </test-method> <!-- sendReport -->
      </class> <!-- com.shopping.ShoppingAppFrameWork.DriverTest -->
    </test> <!-- Test -->
  </suite> <!-- Suite -->
</testng-results>
